npm ERR! code EACCES
npm ERR! syscall rename
npm ERR! path /home/gustavo/own-projects/npm-modules/color-picker/node_modules/@babel/preset-typescript
npm ERR! dest /home/gustavo/own-projects/npm-modules/color-picker/node_modules/@babel/.preset-typescript-9Wlkq2NS
npm ERR! errno -13
npm ERR! Error: EACCES: permission denied, rename '/home/gustavo/own-projects/npm-modules/color-picker/node_modules/@babel/preset-typescript' -> '/home/gustavo/own-projects/npm-modules/color-picker/node_modules/@babel/.preset-typescript-9Wlkq2NS'
npm ERR!  [Error: EACCES: permission denied, rename '/home/gustavo/own-projects/npm-modules/color-picker/node_modules/@babel/preset-typescript' -> '/home/gustavo/own-projects/npm-modules/color-picker/node_modules/@babel/.preset-typescript-9Wlkq2NS'] {
npm ERR!   errno: -13,
npm ERR!   code: 'EACCES',
npm ERR!   syscall: 'rename',
npm ERR!   path: '/home/gustavo/own-projects/npm-modules/color-picker/node_modules/@babel/preset-typescript',
npm ERR!   dest: '/home/gustavo/own-projects/npm-modules/color-picker/node_modules/@babel/.preset-typescript-9Wlkq2NS'
npm ERR! }
npm ERR! 
npm ERR! The operation was rejected by your operating system.
npm ERR! It is likely you do not have the permissions to access this file as the current user
npm ERR! 
npm ERR! If you believe this might be a permissions issue, please double-check the
npm ERR! permissions of the file and its containing directories, or try running
npm ERR! the command again as root/Administrator.

npm ERR! A complete log of this run can be found in:
npm ERR!     /home/gustavo/.npm/_logs/2023-06-13T22_28_33_637Z-debug-0.log
